<?xml version="1.0" encoding="UTF-8"?>
<!-- Generated by org.testng.reporters.JUnitReportReporter -->
<testsuite hostname="Deepas-MBP" failures="0" tests="1" name="AppiumTests.AppiumTest1" time="4.232" errors="0" timestamp="09 Apr 2018 02:38:33 GMT" skipped="0">
  <testcase classname="AppiumTests.AppiumTest1" name="sampeTest" time="4.232"/>
</testsuite> <!-- AppiumTests.AppiumTest1 -->
